<?xml version="1.0" encoding="UTF-8"?>
<!-- Generated by org.testng.reporters.JUnitXMLReporter -->
<testsuite hostname="LAPTOP-EM6M5GBO" name="Test" tests="4" failures="0" timestamp="20 Aug 2021 05:19:44 GMT" time="0.031" errors="0">
  <testcase name="tc1" time="0.009" classname="org.testng.Check"/>
  <testcase name="tc2" time="0.003" classname="org.testng.Check"/>
  <testcase name="tc3" time="0.002" classname="org.testng.Check"/>
  <testcase name="tc4" time="0.001" classname="org.testng.Check"/>
</testsuite> <!-- Test -->
